
> grind-buddy@0.0.1 build /Users/ruby/Documents/dev/monorepo/apps/grind-buddy
> vite build

vite v7.2.6 building ssr environment for production...
transforming...
4:48:34 PM [vite-plugin-svelte] src/lib/components/dashboard/ProblemCard.svelte:68:3 Visible, non-interactive elements with a click event must be accompanied by a keyboard event handler. Consider whether an interactive element such as `<button type="button">` or `<a>` might be more appropriate
https://svelte.dev/e/a11y_click_events_have_key_events
66:         {/if}
67:       </div>
68:       <div class="flex items-center gap-2" onclick={(e) => e.stopPropagation()} role="group">
                ^
69:         <a
70:           href={problem.leetcodeUrl}
4:48:34 PM [vite-plugin-svelte] src/lib/components/dashboard/ProblemCard.svelte:68:3 Non-interactive element `<div>` should not be assigned mouse or keyboard event listeners
https://svelte.dev/e/a11y_no_noninteractive_element_interactions
66:         {/if}
67:       </div>
68:       <div class="flex items-center gap-2" onclick={(e) => e.stopPropagation()} role="group">
                ^
69:         <a
70:           href={problem.leetcodeUrl}
4:48:34 PM [vite-plugin-svelte] src/lib/components/dashboard/ProblemCard.svelte:85:3 Visible, non-interactive elements with a click event must be accompanied by a keyboard event handler. Consider whether an interactive element such as `<button type="button">` or `<a>` might be more appropriate
https://svelte.dev/e/a11y_click_events_have_key_events
83: 
84:     {#if isExpanded}
85:       <div
              ^
86:         class="pt-2 border-t border-slate-100 dark:border-slate-800"
87:         onclick={(e) => e.stopPropagation()}
4:48:34 PM [vite-plugin-svelte] src/lib/components/dashboard/ProblemCard.svelte:85:3 Non-interactive element `<div>` should not be assigned mouse or keyboard event listeners
https://svelte.dev/e/a11y_no_noninteractive_element_interactions
83: 
84:     {#if isExpanded}
85:       <div
              ^
86:         class="pt-2 border-t border-slate-100 dark:border-slate-800"
87:         onclick={(e) => e.stopPropagation()}
src/lib/components/ui/select/select-trigger.svelte (21:30): "Input" is not exported by "../../node_modules/.pnpm/bits-ui@2.14.4_@internationalized+date@3.10.0_@sveltejs+kit@2.49.1_@sveltejs+vite-plugi_4dd184152f86883841c9d435280cbcac/node_modules/bits-ui/dist/bits/select/exports.js", imported by "src/lib/components/ui/select/select-trigger.svelte".
src/lib/components/ui/select/select-item.svelte (32:21): Error when using sourcemap for reporting an error: Can't resolve original location of error.
src/lib/components/ui/select/select-item.svelte (32:21): "ItemIndicator" is not exported by "../../node_modules/.pnpm/bits-ui@2.14.4_@internationalized+date@3.10.0_@sveltejs+kit@2.49.1_@sveltejs+vite-plugi_4dd184152f86883841c9d435280cbcac/node_modules/bits-ui/dist/bits/select/exports.js", imported by "src/lib/components/ui/select/select-item.svelte".
src/lib/components/ui/select/select-item.svelte (42:21): Error when using sourcemap for reporting an error: Can't resolve original location of error.
src/lib/components/ui/select/select-item.svelte (42:21): "ItemText" is not exported by "../../node_modules/.pnpm/bits-ui@2.14.4_@internationalized+date@3.10.0_@sveltejs+kit@2.49.1_@sveltejs+vite-plugi_4dd184152f86883841c9d435280cbcac/node_modules/bits-ui/dist/bits/select/exports.js", imported by "src/lib/components/ui/select/select-item.svelte".
src/lib/components/ui/select/select-value.svelte (7:24): "Value" is not exported by "../../node_modules/.pnpm/bits-ui@2.14.4_@internationalized+date@3.10.0_@sveltejs+kit@2.49.1_@sveltejs+vite-plugi_4dd184152f86883841c9d435280cbcac/node_modules/bits-ui/dist/bits/select/exports.js", imported by "src/lib/components/ui/select/select-value.svelte".
✓ 2888 modules transformed.
rendering chunks...

node:internal/event_target:1105
  process.nextTick(() => { throw err; });
                           ^
Error: Missing env var DATABASE_URL
    at requireEnv (file:///Users/ruby/Documents/dev/monorepo/apps/grind-buddy/.svelte-kit/output/server/chunks/index3.js:434:11)
    at file:///Users/ruby/Documents/dev/monorepo/apps/grind-buddy/.svelte-kit/output/server/chunks/index3.js:438:26
    at ModuleJob.run (node:internal/modules/esm/module_job:325:25)
    at async ModuleLoader.import (node:internal/modules/esm/loader:606:24)
    at async get_page_options (file:///Users/ruby/Documents/dev/monorepo/node_modules/.pnpm/@sveltejs+kit@2.49.1_@sveltejs+vite-plugin-svelte@6.2.1_svelte@5.45.6_vite@7.2.6_@types_0ff91880a64ff83f65de41446b56626c/node_modules/@sveltejs/kit/src/exports/vite/static_analysis/index.js:243:19)
    at async get_page_options (file:///Users/ruby/Documents/dev/monorepo/node_modules/.pnpm/@sveltejs+kit@2.49.1_@sveltejs+vite-plugin-svelte@6.2.1_svelte@5.45.6_vite@7.2.6_@types_0ff91880a64ff83f65de41446b56626c/node_modules/@sveltejs/kit/src/exports/vite/static_analysis/index.js:223:27)
    at async build_server_nodes (file:///Users/ruby/Documents/dev/monorepo/node_modules/.pnpm/@sveltejs+kit@2.49.1_@sveltejs+vite-plugin-svelte@6.2.1_svelte@5.45.6_vite@7.2.6_@types_0ff91880a64ff83f65de41446b56626c/node_modules/@sveltejs/kit/src/exports/vite/build/build_server.js:98:25)
    at async analyse (file:///Users/ruby/Documents/dev/monorepo/node_modules/.pnpm/@sveltejs+kit@2.49.1_@sveltejs+vite-plugin-svelte@6.2.1_svelte@5.45.6_vite@7.2.6_@types_0ff91880a64ff83f65de41446b56626c/node_modules/@sveltejs/kit/src/core/postbuild/analyse.js:72:2)
    at async MessagePort.<anonymous> (file:///Users/ruby/Documents/dev/monorepo/node_modules/.pnpm/@sveltejs+kit@2.49.1_@sveltejs+vite-plugin-svelte@6.2.1_svelte@5.45.6_vite@7.2.6_@types_0ff91880a64ff83f65de41446b56626c/node_modules/@sveltejs/kit/src/utils/fork.js:23:16)
Emitted 'error' event on Worker instance at:
    at [kOnErrorMessage] (node:internal/worker:333:10)
    at [kOnMessage] (node:internal/worker:344:37)
    at MessagePort.<anonymous> (node:internal/worker:233:57)
    at [nodejs.internal.kHybridDispatch] (node:internal/event_target:831:20)
    at MessagePort.<anonymous> (node:internal/per_context/messageport:23:28)

Node.js v20.19.6
 ELIFECYCLE  Command failed with exit code 1.
